{"numTotalTestSuites":37,"numPassedTestSuites":29,"numFailedTestSuites":8,"numPendingTestSuites":0,"numTotalTests":86,"numPassedTests":84,"numFailedTests":2,"numPendingTests":0,"numTodoTests":0,"snapshot":{"added":0,"failure":false,"filesAdded":0,"filesRemoved":0,"filesRemovedList":[],"filesUnmatched":0,"filesUpdated":0,"matched":0,"total":0,"unchecked":0,"uncheckedKeysByFile":[],"unmatched":0,"updated":0,"didUpdate":false},"startTime":1777478578540,"success":false,"testResults":[{"assertionResults":[],"startTime":1777478578540,"endTime":1777478578540,"status":"failed","message":"Failed to resolve import \"@/infrastructure/adapters/FiscalAdapter\" from \"src/modules/finance/services/NF525Service.ts\". Does the file exist?","name":"/Users/mohammed-aliboudjaadar/RESTAURANT-OS-CORE/tests/falange/domain.test.ts"},{"assertionResults":[],"startTime":1777478578540,"endTime":1777478578540,"status":"failed","message":"Failed to resolve import \"@/infrastructure/adapters/LedgerAdapter\" from \"tests/falange/fiscal.test.ts\". Does the file exist?","name":"/Users/mohammed-aliboudjaadar/RESTAURANT-OS-CORE/tests/falange/fiscal.test.ts"},{"assertionResults":[{"ancestorTitles":["🛡️ FALANGE - COHORTE ISOLATION (10 TESTS)"],"fullName":"🛡️ FALANGE - COHORTE ISOLATION (10 TESTS) 1. Devrait avoir \"restaurant-os\" comme tenant par défaut","status":"passed","title":"1. Devrait avoir \"restaurant-os\" comme tenant par défaut","duration":3.6030830000000833,"failureMessages":[],"meta":{},"tags":[]},{"ancestorTitles":["🛡️ FALANGE - COHORTE ISOLATION (10 TESTS)"],"fullName":"🛡️ FALANGE - COHORTE ISOLATION (10 TESTS) 2. SovereignGuard devrait détecter l'accès tiers (Mode Test)","status":"passed","title":"2. SovereignGuard devrait détecter l'accès tiers (Mode Test)","duration":3.0123330000000124,"failureMessages":[],"meta":{},"tags":[]},{"ancestorTitles":["🛡️ FALANGE - COHORTE ISOLATION (10 TESTS)"],"fullName":"🛡️ FALANGE - COHORTE ISOLATION (10 TESTS) 3. L'admin \"restaurant-os\" devrait accéder à tout","status":"passed","title":"3. L'admin \"restaurant-os\" devrait accéder à tout","duration":2.2691249999999172,"failureMessages":[],"meta":{},"tags":[]},{"ancestorTitles":["🛡️ FALANGE - COHORTE ISOLATION (10 TESTS)"],"fullName":"🛡️ FALANGE - COHORTE ISOLATION (10 TESTS) 4. FleetBloomFilter - Collision minimale","status":"passed","title":"4. FleetBloomFilter - Collision minimale","duration":0.8319169999999758,"failureMessages":[],"meta":{},"tags":[]},{"ancestorTitles":["🛡️ FALANGE - COHORTE ISOLATION (10 TESTS)"],"fullName":"🛡️ FALANGE - COHORTE ISOLATION (10 TESTS) 5. Isolation des Atomes (NexusNode)","status":"passed","title":"5. Isolation des Atomes (NexusNode)","duration":0.7281669999999849,"failureMessages":[],"meta":{},"tags":[]},{"ancestorTitles":["🛡️ FALANGE - COHORTE ISOLATION (10 TESTS)"],"fullName":"🛡️ FALANGE - COHORTE ISOLATION (10 TESTS) 6. SovereignGuard - Détection sur dérive (Mode Test)","status":"passed","title":"6. SovereignGuard - Détection sur dérive (Mode Test)","duration":1.3750840000000153,"failureMessages":[],"meta":{},"tags":[]},{"ancestorTitles":["🛡️ FALANGE - COHORTE ISOLATION (10 TESTS)"],"fullName":"🛡️ FALANGE - COHORTE ISOLATION (10 TESTS) 7. MasterBridge - Protection vassal","status":"passed","title":"7. MasterBridge - Protection vassal","duration":0.47899999999992815,"failureMessages":[],"meta":{},"tags":[]},{"ancestorTitles":["🛡️ FALANGE - COHORTE ISOLATION (10 TESTS)"],"fullName":"🛡️ FALANGE - COHORTE ISOLATION (10 TESTS) 8. Nettoyage du cache (Zero Leak)","status":"passed","title":"8. Nettoyage du cache (Zero Leak)","duration":0.8298330000000078,"failureMessages":[],"meta":{},"tags":[]},{"ancestorTitles":["🛡️ FALANGE - COHORTE ISOLATION (10 TESTS)"],"fullName":"🛡️ FALANGE - COHORTE ISOLATION (10 TESTS) 9. BioGuardInterceptor (Simulation)","status":"passed","title":"9. BioGuardInterceptor (Simulation)","duration":0.40199999999992997,"failureMessages":[],"meta":{},"tags":[]},{"ancestorTitles":["🛡️ FALANGE - COHORTE ISOLATION (10 TESTS)"],"fullName":"🛡️ FALANGE - COHORTE ISOLATION (10 TESTS) 10. Performance validation < 50ms","status":"passed","title":"10. Performance validation < 50ms","duration":0.8322500000000446,"failureMessages":[],"meta":{},"tags":[]}],"startTime":1777478581558,"endTime":1777478581572.8323,"status":"passed","message":"","name":"/Users/mohammed-aliboudjaadar/RESTAURANT-OS-CORE/tests/falange/isolation.test.ts"},{"assertionResults":[{"ancestorTitles":["🍵 FALANGE - COHORTE STABILITY (10 TESTS)"],"fullName":"🍵 FALANGE - COHORTE STABILITY (10 TESTS) 1. SelfHealingEngine.calculateCRC devrait être déterministe","status":"passed","title":"1. SelfHealingEngine.calculateCRC devrait être déterministe","duration":2.380749999999921,"failureMessages":[],"meta":{},"tags":[]},{"ancestorTitles":["🍵 FALANGE - COHORTE STABILITY (10 TESTS)"],"fullName":"🍵 FALANGE - COHORTE STABILITY (10 TESTS) 2. Devaait détecter une dérive d'état si le hash attendu est différent","status":"passed","title":"2. Devaait détecter une dérive d'état si le hash attendu est différent","duration":4.122749999999996,"failureMessages":[],"meta":{},"tags":[]},{"ancestorTitles":["🍵 FALANGE - COHORTE STABILITY (10 TESTS)"],"fullName":"🍵 FALANGE - COHORTE STABILITY (10 TESTS) 3. createNexusNode devrait initialiser un état Grade VI standard","status":"passed","title":"3. createNexusNode devrait initialiser un état Grade VI standard","duration":0.5650420000000622,"failureMessages":[],"meta":{},"tags":[]},{"ancestorTitles":["🍵 FALANGE - COHORTE STABILITY (10 TESTS)"],"fullName":"🍵 FALANGE - COHORTE STABILITY (10 TESTS) 4. updateNexusNode devrait retourner un nouvel objet (immuabilité)","status":"passed","title":"4. updateNexusNode devrait retourner un nouvel objet (immuabilité)","duration":0.8421660000000202,"failureMessages":[],"meta":{},"tags":[]},{"ancestorTitles":["🍵 FALANGE - COHORTE STABILITY (10 TESTS)"],"fullName":"🍵 FALANGE - COHORTE STABILITY (10 TESTS) 5. updateNexusNode devrait supporter 10 000 mises à jour en < 100ms","status":"passed","title":"5. updateNexusNode devrait supporter 10 000 mises à jour en < 100ms","duration":4.602916999999934,"failureMessages":[],"meta":{},"tags":[]},{"ancestorTitles":["🍵 FALANGE - COHORTE STABILITY (10 TESTS)"],"fullName":"🍵 FALANGE - COHORTE STABILITY (10 TESTS) 6. Le système de log devrait être actif pour les avertissements critiques","status":"passed","title":"6. Le système de log devrait être actif pour les avertissements critiques","duration":0.18633299999999053,"failureMessages":[],"meta":{},"tags":[]},{"ancestorTitles":["🍵 FALANGE - COHORTE STABILITY (10 TESTS)"],"fullName":"🍵 FALANGE - COHORTE STABILITY (10 TESTS) 7. La factory createNexusNode devrait permettre un nettoyage Garbage Collector","status":"passed","title":"7. La factory createNexusNode devrait permettre un nettoyage Garbage Collector","duration":0.09837500000003274,"failureMessages":[],"meta":{},"tags":[]},{"ancestorTitles":["🍵 FALANGE - COHORTE STABILITY (10 TESTS)"],"fullName":"🍵 FALANGE - COHORTE STABILITY (10 TESTS) 8. updateNexusNode devrait permettre d'injecter une erreur proprement","status":"passed","title":"8. updateNexusNode devrait permettre d'injecter une erreur proprement","duration":0.3754999999999882,"failureMessages":[],"meta":{},"tags":[]},{"ancestorTitles":["🍵 FALANGE - COHORTE STABILITY (10 TESTS)"],"fullName":"🍵 FALANGE - COHORTE STABILITY (10 TESTS) 9. lastUpdated doit toujours être strictement croissant","status":"passed","title":"9. lastUpdated doit toujours être strictement croissant","duration":11.612707999999998,"failureMessages":[],"meta":{},"tags":[]},{"ancestorTitles":["🍵 FALANGE - COHORTE STABILITY (10 TESTS)"],"fullName":"🍵 FALANGE - COHORTE STABILITY (10 TESTS) 10. calculateCRC devrait gérer les objets circulaires (limitation connue)","status":"passed","title":"10. calculateCRC devrait gérer les objets circulaires (limitation connue)","duration":2.817625000000021,"failureMessages":[],"meta":{},"tags":[]}],"startTime":1777478581508,"endTime":1777478581535.8176,"status":"passed","message":"","name":"/Users/mohammed-aliboudjaadar/RESTAURANT-OS-CORE/tests/falange/stability.test.ts"},{"assertionResults":[{"ancestorTitles":["🛰️ FALANGE - COHORTE SYNC (10 TESTS)"],"fullName":"🛰️ FALANGE - COHORTE SYNC (10 TESTS) 1. NexusSyncService.init devrait lancer l'initialisation des 3 piliers en parallèle","status":"passed","title":"1. NexusSyncService.init devrait lancer l'initialisation des 3 piliers en parallèle","duration":12.441125000000056,"failureMessages":[],"meta":{},"tags":[]},{"ancestorTitles":["🛰️ FALANGE - COHORTE SYNC (10 TESTS)"],"fullName":"🛰️ FALANGE - COHORTE SYNC (10 TESTS) 2. NexusSyncService.stopAll devrait arrêter tous les écouteurs","status":"passed","title":"2. NexusSyncService.stopAll devrait arrêter tous les écouteurs","duration":0.5310409999999592,"failureMessages":[],"meta":{},"tags":[]},{"ancestorTitles":["🛰️ FALANGE - COHORTE SYNC (10 TESTS)"],"fullName":"🛰️ FALANGE - COHORTE SYNC (10 TESTS) 3. NexusSyncService devrait bloquer l'init si supportAccessGranted est faux","status":"passed","title":"3. NexusSyncService devrait bloquer l'init si supportAccessGranted est faux","duration":0.23329199999989214,"failureMessages":[],"meta":{},"tags":[]},{"ancestorTitles":["🛰️ FALANGE - COHORTE SYNC (10 TESTS)"],"fullName":"🛰️ FALANGE - COHORTE SYNC (10 TESTS) 4. MasterBridge ne devrait pas s'activer pour le tenant \"restaurant-os\" (Root)","status":"passed","title":"4. MasterBridge ne devrait pas s'activer pour le tenant \"restaurant-os\" (Root)","duration":2.054332999999815,"failureMessages":[],"meta":{},"tags":[]},{"ancestorTitles":["🛰️ FALANGE - COHORTE SYNC (10 TESTS)"],"fullName":"🛰️ FALANGE - COHORTE SYNC (10 TESTS) 5. MasterBridge DOIT s'activer pour tout tenant autre que le Root","status":"passed","title":"5. MasterBridge DOIT s'activer pour tout tenant autre que le Root","duration":1.762083999999959,"failureMessages":[],"meta":{},"tags":[]},{"ancestorTitles":["🛰️ FALANGE - COHORTE SYNC (10 TESTS)"],"fullName":"🛰️ FALANGE - COHORTE SYNC (10 TESTS) 6. SyncHACCP devrait être initialisé à chaque démarrage","status":"passed","title":"6. SyncHACCP devrait être initialisé à chaque démarrage","duration":2.05600000000004,"failureMessages":[],"meta":{},"tags":[]},{"ancestorTitles":["🛰️ FALANGE - COHORTE SYNC (10 TESTS)"],"fullName":"🛰️ FALANGE - COHORTE SYNC (10 TESTS) 7. NexusSyncService devrait logger une erreur si un pilier échoue mais ne pas planter","status":"passed","title":"7. NexusSyncService devrait logger une erreur si un pilier échoue mais ne pas planter","duration":2.451332999999977,"failureMessages":[],"meta":{},"tags":[]},{"ancestorTitles":["🛰️ FALANGE - COHORTE SYNC (10 TESTS)"],"fullName":"🛰️ FALANGE - COHORTE SYNC (10 TESTS) 8. SyncStocks devrait propager les mises à jour vers le store Jotai","status":"passed","title":"8. SyncStocks devrait propager les mises à jour vers le store Jotai","duration":0.19995799999992414,"failureMessages":[],"meta":{},"tags":[]},{"ancestorTitles":["🛰️ FALANGE - COHORTE SYNC (10 TESTS)"],"fullName":"🛰️ FALANGE - COHORTE SYNC (10 TESTS) 9. L'initialisation complète devrait être ultra-rapide (< 180ms)","status":"passed","title":"9. L'initialisation complète devrait être ultra-rapide (< 180ms)","duration":4.916707999999971,"failureMessages":[],"meta":{},"tags":[]},{"ancestorTitles":["🛰️ FALANGE - COHORTE SYNC (10 TESTS)"],"fullName":"🛰️ FALANGE - COHORTE SYNC (10 TESTS) 10. stopAll devrait vider le cache local pour éviter les fuites de données","status":"passed","title":"10. stopAll devrait vider le cache local pour éviter les fuites de données","duration":0.36437500000010914,"failureMessages":[],"meta":{},"tags":[]}],"startTime":1777478581581,"endTime":1777478581608.3643,"status":"passed","message":"","name":"/Users/mohammed-aliboudjaadar/RESTAURANT-OS-CORE/tests/falange/sync.test.ts"},{"assertionResults":[],"startTime":1777478578540,"endTime":1777478578540,"status":"failed","message":"Failed to resolve import \"@/shared/services/CycleGuard\" from \"src/modules/inventory/inventory.sync.ts\". Does the file exist?","name":"/Users/mohammed-aliboudjaadar/RESTAURANT-OS-CORE/tests/verification/isolation.test.ts"},{"assertionResults":[{"ancestorTitles":["RAM Plateau & Manual GC"],"fullName":"RAM Plateau & Manual GC should register and then purge nodes when usage hits zero","status":"passed","title":"should register and then purge nodes when usage hits zero","duration":4.6287079999999605,"failureMessages":[],"meta":{},"tags":[]},{"ancestorTitles":["RAM Plateau & Manual GC"],"fullName":"RAM Plateau & Manual GC should maintain O(1) registry size for high-frequency tenant switching","status":"passed","title":"should maintain O(1) registry size for high-frequency tenant switching","duration":39.36166700000001,"failureMessages":[],"meta":{},"tags":[]}],"startTime":1777478581429,"endTime":1777478581473.3616,"status":"passed","message":"","name":"/Users/mohammed-aliboudjaadar/RESTAURANT-OS-CORE/tests/verification/ram_plateau.test.ts"},{"assertionResults":[{"ancestorTitles":["🚀 PERFORMANCE : TENANT TRANSITION"],"fullName":"🚀 PERFORMANCE : TENANT TRANSITION should verify transition latency < 200ms and cache isolation","status":"passed","title":"should verify transition latency < 200ms and cache isolation","duration":1.3842079999999441,"failureMessages":[],"meta":{},"tags":[]}],"startTime":1777478582180,"endTime":1777478582181.3843,"status":"passed","message":"","name":"/Users/mohammed-aliboudjaadar/RESTAURANT-OS-CORE/tests/verification/tenant_performance.test.ts"},{"assertionResults":[{"ancestorTitles":["HumanResourcesService (Grade VI Validation)","calculatePayroll"],"fullName":"HumanResourcesService (Grade VI Validation) calculatePayroll should calculate monthly payroll correctly with standard formula","status":"passed","title":"should calculate monthly payroll correctly with standard formula","duration":1.4452919999998812,"failureMessages":[],"meta":{},"tags":[]},{"ancestorTitles":["HumanResourcesService (Grade VI Validation)","getHoursForDay"],"fullName":"HumanResourcesService (Grade VI Validation) getHoursForDay should calculate duration between CLOCK_IN and CLOCK_OUT","status":"passed","title":"should calculate duration between CLOCK_IN and CLOCK_OUT","duration":0.44620800000006966,"failureMessages":[],"meta":{},"tags":[]},{"ancestorTitles":["HumanResourcesService (Grade VI Validation)","getHoursForDay"],"fullName":"HumanResourcesService (Grade VI Validation) getHoursForDay should return 0 if no shifts for the day","status":"passed","title":"should return 0 if no shifts for the day","duration":0.09783300000003692,"failureMessages":[],"meta":{},"tags":[]},{"ancestorTitles":["HumanResourcesService (Grade VI Validation)","calculateEmployeeStats"],"fullName":"HumanResourcesService (Grade VI Validation) calculateEmployeeStats should aggregate 7 days of work and calculate overtime","status":"passed","title":"should aggregate 7 days of work and calculate overtime","duration":0.3374579999999696,"failureMessages":[],"meta":{},"tags":[]}],"startTime":1777478582772,"endTime":1777478582774.4463,"status":"passed","message":"","name":"/Users/mohammed-aliboudjaadar/RESTAURANT-OS-CORE/src/domain/services/HumanResources.test.ts"},{"assertionResults":[{"ancestorTitles":["QualityEngine - Grade VI HACCP Validation"],"fullName":"QualityEngine - Grade VI HACCP Validation should validate a compliant reception and update stock","status":"passed","title":"should validate a compliant reception and update stock","duration":7.255125000000135,"failureMessages":[],"meta":{},"tags":[]},{"ancestorTitles":["QualityEngine - Grade VI HACCP Validation"],"fullName":"QualityEngine - Grade VI HACCP Validation should flag a failed reception if temperature is too high","status":"passed","title":"should flag a failed reception if temperature is too high","duration":1.2901659999997719,"failureMessages":[],"meta":{},"tags":[]},{"ancestorTitles":["QualityEngine - Grade VI HACCP Validation"],"fullName":"QualityEngine - Grade VI HACCP Validation should seal the control with SHA-256 fingerprint","status":"passed","title":"should seal the control with SHA-256 fingerprint","duration":1.4383750000001783,"failureMessages":[],"meta":{},"tags":[]}],"startTime":1777478582060,"endTime":1777478582069.4385,"status":"passed","message":"","name":"/Users/mohammed-aliboudjaadar/RESTAURANT-OS-CORE/src/domain/services/QualityEngine.test.ts"},{"assertionResults":[{"ancestorTitles":["Restaurant OS: Black Friday Certification"],"fullName":"Restaurant OS: Black Friday Certification 🥈 Test: Atomic Self-Healing (Cicatrisation)","status":"passed","title":"🥈 Test: Atomic Self-Healing (Cicatrisation)","duration":1.2292500000000928,"failureMessages":[],"meta":{},"tags":[]},{"ancestorTitles":["Restaurant OS: Black Friday Certification"],"fullName":"Restaurant OS: Black Friday Certification 🥉 Test: Replay Attack Guard (Le Mur des 500ms)","status":"passed","title":"🥉 Test: Replay Attack Guard (Le Mur des 500ms)","duration":0.14924999999993815,"failureMessages":[],"meta":{},"tags":[]},{"ancestorTitles":["Restaurant OS: Black Friday Certification"],"fullName":"Restaurant OS: Black Friday Certification 🛡️ Test: Ledger Stress (Omega-Certification)","status":"failed","title":"🛡️ Test: Ledger Stress (Omega-Certification)","duration":41.42329199999995,"failureMessages":["Error: Failed to resolve import \"@/infrastructure/adapters/FiscalAdapter\" from \"src/domain/accounting/BlockchainLedgerService.ts\". Does the file exist?\n    at TransformPluginContext._formatLog (file:///Users/mohammed-aliboudjaadar/RESTAURANT-OS-CORE/node_modules/vite/dist/node/chunks/node.js:30339:39)\n    at TransformPluginContext.error (file:///Users/mohammed-aliboudjaadar/RESTAURANT-OS-CORE/node_modules/vite/dist/node/chunks/node.js:30336:14)\n    at normalizeUrl (file:///Users/mohammed-aliboudjaadar/RESTAURANT-OS-CORE/node_modules/vite/dist/node/chunks/node.js:27624:18)\n    at file:///Users/mohammed-aliboudjaadar/RESTAURANT-OS-CORE/node_modules/vite/dist/node/chunks/node.js:27687:30\n    at async Promise.all (index 1)\n    at TransformPluginContext.transform (file:///Users/mohammed-aliboudjaadar/RESTAURANT-OS-CORE/node_modules/vite/dist/node/chunks/node.js:27655:4)\n    at EnvironmentPluginContainer.transform (file:///Users/mohammed-aliboudjaadar/RESTAURANT-OS-CORE/node_modules/vite/dist/node/chunks/node.js:30128:14)\n    at loadAndTransform (file:///Users/mohammed-aliboudjaadar/RESTAURANT-OS-CORE/node_modules/vite/dist/node/chunks/node.js:24459:26)"],"meta":{},"tags":[]}],"startTime":1777478580515,"endTime":1777478580558.4233,"status":"failed","message":"","name":"/Users/mohammed-aliboudjaadar/RESTAURANT-OS-CORE/src/tests/benchmarks/BlackFriday.test.ts"},{"assertionResults":[{"ancestorTitles":["🚨 BLACK FRIDAY SUPREME CERTIFICATION"],"fullName":"🚨 BLACK FRIDAY SUPREME CERTIFICATION 💠 TEST 1: Saturation & Worker Velocity","status":"passed","title":"💠 TEST 1: Saturation & Worker Velocity","duration":13.816500000000133,"failureMessages":[],"meta":{},"tags":[]},{"ancestorTitles":["🚨 BLACK FRIDAY SUPREME CERTIFICATION"],"fullName":"🚨 BLACK FRIDAY SUPREME CERTIFICATION 🌀 TEST 2: Chaos & Atomic Self-Healing","status":"passed","title":"🌀 TEST 2: Chaos & Atomic Self-Healing","duration":2.1959580000000187,"failureMessages":[],"meta":{},"tags":[]},{"ancestorTitles":["🚨 BLACK FRIDAY SUPREME CERTIFICATION"],"fullName":"🚨 BLACK FRIDAY SUPREME CERTIFICATION 🛡️ TEST 3: Security & Replay-Attack Prevention","status":"passed","title":"🛡️ TEST 3: Security & Replay-Attack Prevention","duration":0.6172080000001188,"failureMessages":[],"meta":{},"tags":[]},{"ancestorTitles":["🚨 BLACK FRIDAY SUPREME CERTIFICATION"],"fullName":"🚨 BLACK FRIDAY SUPREME CERTIFICATION 🔐 TEST 4: Ledger Persistence & NF525 Integrity","status":"failed","title":"🔐 TEST 4: Ledger Persistence & NF525 Integrity","duration":26.859208999999964,"failureMessages":["Error: Failed to resolve import \"@/infrastructure/adapters/FiscalAdapter\" from \"src/domain/accounting/BlockchainLedgerService.ts\". Does the file exist?\n    at TransformPluginContext._formatLog (file:///Users/mohammed-aliboudjaadar/RESTAURANT-OS-CORE/node_modules/vite/dist/node/chunks/node.js:30339:39)\n    at TransformPluginContext.error (file:///Users/mohammed-aliboudjaadar/RESTAURANT-OS-CORE/node_modules/vite/dist/node/chunks/node.js:30336:14)\n    at normalizeUrl (file:///Users/mohammed-aliboudjaadar/RESTAURANT-OS-CORE/node_modules/vite/dist/node/chunks/node.js:27624:18)\n    at file:///Users/mohammed-aliboudjaadar/RESTAURANT-OS-CORE/node_modules/vite/dist/node/chunks/node.js:27687:30\n    at async Promise.all (index 1)\n    at TransformPluginContext.transform (file:///Users/mohammed-aliboudjaadar/RESTAURANT-OS-CORE/node_modules/vite/dist/node/chunks/node.js:27655:4)\n    at EnvironmentPluginContainer.transform (file:///Users/mohammed-aliboudjaadar/RESTAURANT-OS-CORE/node_modules/vite/dist/node/chunks/node.js:30128:14)\n    at loadAndTransform (file:///Users/mohammed-aliboudjaadar/RESTAURANT-OS-CORE/node_modules/vite/dist/node/chunks/node.js:24459:26)"],"meta":{},"tags":[]}],"startTime":1777478580516,"endTime":1777478580559.8591,"status":"failed","message":"","name":"/Users/mohammed-aliboudjaadar/RESTAURANT-OS-CORE/src/tests/benchmarks/CertificationRunner.test.ts"},{"assertionResults":[{"ancestorTitles":["🌀 VANGUARD : NexusYieldEngine Certification"],"fullName":"🌀 VANGUARD : NexusYieldEngine Certification ✅ SCENARIO 1: Stable Empire (Healthy Stock, Normal Velocity)","status":"passed","title":"✅ SCENARIO 1: Stable Empire (Healthy Stock, Normal Velocity)","duration":1.6372089999999844,"failureMessages":[],"meta":{},"tags":[]},{"ancestorTitles":["🌀 VANGUARD : NexusYieldEngine Certification"],"fullName":"🌀 VANGUARD : NexusYieldEngine Certification ⚡ SCENARIO 2: Operational Rush (Healthy Stock, High Velocity)","status":"passed","title":"⚡ SCENARIO 2: Operational Rush (Healthy Stock, High Velocity)","duration":0.14733400000000074,"failureMessages":[],"meta":{},"tags":[]},{"ancestorTitles":["🌀 VANGUARD : NexusYieldEngine Certification"],"fullName":"🌀 VANGUARD : NexusYieldEngine Certification 📦 SCENARIO 3: Automated Resilience (Critical Stock, Low Velocity)","status":"passed","title":"📦 SCENARIO 3: Automated Resilience (Critical Stock, Low Velocity)","duration":0.7106249999999363,"failureMessages":[],"meta":{},"tags":[]},{"ancestorTitles":["🌀 VANGUARD : NexusYieldEngine Certification"],"fullName":"🌀 VANGUARD : NexusYieldEngine Certification 🔱 SCENARIO 4: Imperial Protocol (Critical Stock + Operational Rush)","status":"passed","title":"🔱 SCENARIO 4: Imperial Protocol (Critical Stock + Operational Rush)","duration":0.31062500000007276,"failureMessages":[],"meta":{},"tags":[]}],"startTime":1777478582132,"endTime":1777478582135.3105,"status":"passed","message":"","name":"/Users/mohammed-aliboudjaadar/RESTAURANT-OS-CORE/src/tests/vanguard/NexusYieldEngine.test.ts"},{"assertionResults":[{"ancestorTitles":["🔥 OMNI-VANGUARD : BLOC 4 – CHAOS & PERFORMANCE"],"fullName":"🔥 OMNI-VANGUARD : BLOC 4 – CHAOS & PERFORMANCE T41: Data Drift Recovery - Auto-correction des états divergents","status":"passed","title":"T41: Data Drift Recovery - Auto-correction des états divergents","duration":3.6214169999999513,"failureMessages":[],"meta":{},"tags":[]},{"ancestorTitles":["🔥 OMNI-VANGUARD : BLOC 4 – CHAOS & PERFORMANCE"],"fullName":"🔥 OMNI-VANGUARD : BLOC 4 – CHAOS & PERFORMANCE T42: Latency Simulation - Stabilité UI sous 5s de lag","status":"passed","title":"T42: Latency Simulation - Stabilité UI sous 5s de lag","duration":0.497792000000004,"failureMessages":[],"meta":{},"tags":[]},{"ancestorTitles":["🔥 OMNI-VANGUARD : BLOC 4 – CHAOS & PERFORMANCE"],"fullName":"🔥 OMNI-VANGUARD : BLOC 4 – CHAOS & PERFORMANCE T43: Conflict Resolution (LWW) - Priorité au timestamp le plus récent","status":"passed","title":"T43: Conflict Resolution (LWW) - Priorité au timestamp le plus récent","duration":0.6892500000000155,"failureMessages":[],"meta":{},"tags":[]},{"ancestorTitles":["🔥 OMNI-VANGUARD : BLOC 4 – CHAOS & PERFORMANCE"],"fullName":"🔥 OMNI-VANGUARD : BLOC 4 – CHAOS & PERFORMANCE T44: Atom Access Latency - Lecture < 1ms","status":"passed","title":"T44: Atom Access Latency - Lecture < 1ms","duration":0.6302500000000464,"failureMessages":[],"meta":{},"tags":[]},{"ancestorTitles":["🔥 OMNI-VANGUARD : BLOC 4 – CHAOS & PERFORMANCE"],"fullName":"🔥 OMNI-VANGUARD : BLOC 4 – CHAOS & PERFORMANCE T45: Batch Update Speed - 1000 items processed < 50ms","status":"passed","title":"T45: Batch Update Speed - 1000 items processed < 50ms","duration":3.091250000000059,"failureMessages":[],"meta":{},"tags":[]},{"ancestorTitles":["🔥 OMNI-VANGUARD : BLOC 4 – CHAOS & PERFORMANCE"],"fullName":"🔥 OMNI-VANGUARD : BLOC 4 – CHAOS & PERFORMANCE T46: NexusOpsProvider Isolation - Absence de re-renders inutiles","status":"passed","title":"T46: NexusOpsProvider Isolation - Absence de re-renders inutiles","duration":0.4812500000000455,"failureMessages":[],"meta":{},"tags":[]},{"ancestorTitles":["🔥 OMNI-VANGUARD : BLOC 4 – CHAOS & PERFORMANCE"],"fullName":"🔥 OMNI-VANGUARD : BLOC 4 – CHAOS & PERFORMANCE T47: Concurrent Tenant Loading - Zero collision inter-SaaS","status":"passed","title":"T47: Concurrent Tenant Loading - Zero collision inter-SaaS","duration":0.13549999999997908,"failureMessages":[],"meta":{},"tags":[]},{"ancestorTitles":["🔥 OMNI-VANGUARD : BLOC 4 – CHAOS & PERFORMANCE"],"fullName":"🔥 OMNI-VANGUARD : BLOC 4 – CHAOS & PERFORMANCE T48: Malformed JSON Resilience - Silence sur les payloads corrompus","status":"passed","title":"T48: Malformed JSON Resilience - Silence sur les payloads corrompus","duration":0.16166600000008202,"failureMessages":[],"meta":{},"tags":[]},{"ancestorTitles":["🔥 OMNI-VANGUARD : BLOC 4 – CHAOS & PERFORMANCE"],"fullName":"🔥 OMNI-VANGUARD : BLOC 4 – CHAOS & PERFORMANCE T49: Auth Token Expiry - Transition gracieuse en mode Offline","status":"passed","title":"T49: Auth Token Expiry - Transition gracieuse en mode Offline","duration":0.4337080000000242,"failureMessages":[],"meta":{},"tags":[]},{"ancestorTitles":["🔥 OMNI-VANGUARD : BLOC 4 – CHAOS & PERFORMANCE"],"fullName":"🔥 OMNI-VANGUARD : BLOC 4 – CHAOS & PERFORMANCE T50: Sovereignty Check - Intégrité totale de la Falange","status":"passed","title":"T50: Sovereignty Check - Intégrité totale de la Falange","duration":0.5052080000000387,"failureMessages":[],"meta":{},"tags":[]}],"startTime":1777478581659,"endTime":1777478581669.5051,"status":"passed","message":"","name":"/Users/mohammed-aliboudjaadar/RESTAURANT-OS-CORE/src/tests/vanguard/chaos.test.ts"},{"assertionResults":[{"ancestorTitles":["OMNI-VANGUARD [Bloc 1] : Domaine & Logique Métier","SharedKernel : Précision & Deding"],"fullName":"OMNI-VANGUARD [Bloc 1] : Domaine & Logique Métier SharedKernel : Précision & Deding T1: Précision Bancaire (eurosToCents)","status":"passed","title":"T1: Précision Bancaire (eurosToCents)","duration":1.086999999999989,"failureMessages":[],"meta":{},"tags":[]},{"ancestorTitles":["OMNI-VANGUARD [Bloc 1] : Domaine & Logique Métier","SharedKernel : Précision & Deding"],"fullName":"OMNI-VANGUARD [Bloc 1] : Domaine & Logique Métier SharedKernel : Précision & Deding T2: Calcul Fiscal (calculateHT)","status":"passed","title":"T2: Calcul Fiscal (calculateHT)","duration":0.15804199999979573,"failureMessages":[],"meta":{},"tags":[]},{"ancestorTitles":["OMNI-VANGUARD [Bloc 1] : Domaine & Logique Métier","SharedKernel : Précision & Deding"],"fullName":"OMNI-VANGUARD [Bloc 1] : Domaine & Logique Métier SharedKernel : Précision & Deding T3: Sécurité de Calcul (calculateMargin)","status":"passed","title":"T3: Sécurité de Calcul (calculateMargin)","duration":0.10754100000008293,"failureMessages":[],"meta":{},"tags":[]},{"ancestorTitles":["OMNI-VANGUARD [Bloc 1] : Domaine & Logique Métier","SharedKernel : Précision & Deding"],"fullName":"OMNI-VANGUARD [Bloc 1] : Domaine & Logique Métier SharedKernel : Précision & Deding T4: Sync Récursive (SharedKernel.sync)","status":"passed","title":"T4: Sync Récursive (SharedKernel.sync)","duration":0.379917000000205,"failureMessages":[],"meta":{},"tags":[]},{"ancestorTitles":["OMNI-VANGUARD [Bloc 1] : Domaine & Logique Métier","POSService : Opérations & Projections"],"fullName":"OMNI-VANGUARD [Bloc 1] : Domaine & Logique Métier POSService : Opérations & Projections T5: Intégrité du Panier (calculateCartTotal)","status":"passed","title":"T5: Intégrité du Panier (calculateCartTotal)","duration":0.11799999999993815,"failureMessages":[],"meta":{},"tags":[]},{"ancestorTitles":["OMNI-VANGUARD [Bloc 1] : Domaine & Logique Métier","POSService : Opérations & Projections"],"fullName":"OMNI-VANGUARD [Bloc 1] : Domaine & Logique Métier POSService : Opérations & Projections T6: Analyse de Rentabilité (Deding)","status":"passed","title":"T6: Analyse de Rentabilité (Deding)","duration":0.40666699999997036,"failureMessages":[],"meta":{},"tags":[]},{"ancestorTitles":["OMNI-VANGUARD [Bloc 1] : Domaine & Logique Métier","POSService : Opérations & Projections"],"fullName":"OMNI-VANGUARD [Bloc 1] : Domaine & Logique Métier POSService : Opérations & Projections T7: Projections d'Inflation (getProjectedMargin)","status":"passed","title":"T7: Projections d'Inflation (getProjectedMargin)","duration":0.1337909999999738,"failureMessages":[],"meta":{},"tags":[]},{"ancestorTitles":["OMNI-VANGUARD [Bloc 1] : Domaine & Logique Métier","POSService : Opérations & Projections"],"fullName":"OMNI-VANGUARD [Bloc 1] : Domaine & Logique Métier POSService : Opérations & Projections T8: Stock Théorique (Schema Validation)","status":"passed","title":"T8: Stock Théorique (Schema Validation)","duration":0.15687500000012733,"failureMessages":[],"meta":{},"tags":[]},{"ancestorTitles":["OMNI-VANGUARD [Bloc 1] : Domaine & Logique Métier","QuantumCrypto : Validation du Sceau"],"fullName":"OMNI-VANGUARD [Bloc 1] : Domaine & Logique Métier QuantumCrypto : Validation du Sceau T9: Stabilité du Hash Quantum","status":"passed","title":"T9: Stabilité du Hash Quantum","duration":1.8105000000000473,"failureMessages":[],"meta":{},"tags":[]},{"ancestorTitles":["OMNI-VANGUARD [Bloc 1] : Domaine & Logique Métier","QuantumCrypto : Validation du Sceau"],"fullName":"OMNI-VANGUARD [Bloc 1] : Domaine & Logique Métier QuantumCrypto : Validation du Sceau T10: Effet Avalanche (Tamper Resistance)","status":"passed","title":"T10: Effet Avalanche (Tamper Resistance)","duration":1.0022919999998976,"failureMessages":[],"meta":{},"tags":[]},{"ancestorTitles":["OMNI-VANGUARD [Bloc 1] : Domaine & Logique Métier","QuantumCrypto : Validation du Sceau"],"fullName":"OMNI-VANGUARD [Bloc 1] : Domaine & Logique Métier QuantumCrypto : Validation du Sceau T11: Simulation Lattice Payload","status":"passed","title":"T11: Simulation Lattice Payload","duration":0.609333000000106,"failureMessages":[],"meta":{},"tags":[]},{"ancestorTitles":["OMNI-VANGUARD [Bloc 1] : Domaine & Logique Métier","QuantumCrypto : Validation du Sceau"],"fullName":"OMNI-VANGUARD [Bloc 1] : Domaine & Logique Métier QuantumCrypto : Validation du Sceau T12: Validation de Sceau (verifySeal)","status":"passed","title":"T12: Validation de Sceau (verifySeal)","duration":0.4269160000001193,"failureMessages":[],"meta":{},"tags":[]},{"ancestorTitles":["OMNI-VANGUARD [Bloc 1] : Domaine & Logique Métier","Compliance : Isolation & Schémas"],"fullName":"OMNI-VANGUARD [Bloc 1] : Domaine & Logique Métier Compliance : Isolation & Schémas T13: Protection Congés (Underflow)","status":"passed","title":"T13: Protection Congés (Underflow)","duration":0.0987920000000031,"failureMessages":[],"meta":{},"tags":[]},{"ancestorTitles":["OMNI-VANGUARD [Bloc 1] : Domaine & Logique Métier","Compliance : Isolation & Schémas"],"fullName":"OMNI-VANGUARD [Bloc 1] : Domaine & Logique Métier Compliance : Isolation & Schémas T14: Intégrité HACCP (Snapshot Simulation)","status":"passed","title":"T14: Intégrité HACCP (Snapshot Simulation)","duration":0.5424580000001242,"failureMessages":[],"meta":{},"tags":[]},{"ancestorTitles":["OMNI-VANGUARD [Bloc 1] : Domaine & Logique Métier","Compliance : Isolation & Schémas"],"fullName":"OMNI-VANGUARD [Bloc 1] : Domaine & Logique Métier Compliance : Isolation & Schémas T15: Isolation Tenant (Paths)","status":"passed","title":"T15: Isolation Tenant (Paths)","duration":0.2717920000000049,"failureMessages":[],"meta":{},"tags":[]}],"startTime":1777478580516,"endTime":1777478580524.2717,"status":"passed","message":"","name":"/Users/mohammed-aliboudjaadar/RESTAURANT-OS-CORE/src/tests/vanguard/domain.test.ts"},{"assertionResults":[{"ancestorTitles":["🏗️ OMNI-VANGUARD : BLOC 3 – INFRA & PERSISTENCE"],"fullName":"🏗️ OMNI-VANGUARD : BLOC 3 – INFRA & PERSISTENCE T31: TimeSync Precision - Dérive maximale < 50ms","status":"passed","title":"T31: TimeSync Precision - Dérive maximale < 50ms","duration":1.2708750000000464,"failureMessages":[],"meta":{},"tags":[]},{"ancestorTitles":["🏗️ OMNI-VANGUARD : BLOC 3 – INFRA & PERSISTENCE"],"fullName":"🏗️ OMNI-VANGUARD : BLOC 3 – INFRA & PERSISTENCE T32: BloomFilter Density - Collision brute force < 0.01%","status":"passed","title":"T32: BloomFilter Density - Collision brute force < 0.01%","duration":0.271082999999976,"failureMessages":[],"meta":{},"tags":[]},{"ancestorTitles":["🏗️ OMNI-VANGUARD : BLOC 3 – INFRA & PERSISTENCE"],"fullName":"🏗️ OMNI-VANGUARD : BLOC 3 – INFRA & PERSISTENCE T33: BloomFilter Serialization - Intégrité du transfert binaire","status":"passed","title":"T33: BloomFilter Serialization - Intégrité du transfert binaire","duration":0.8109170000000177,"failureMessages":[],"meta":{},"tags":[]},{"ancestorTitles":["🏗️ OMNI-VANGUARD : BLOC 3 – INFRA & PERSISTENCE"],"fullName":"🏗️ OMNI-VANGUARD : BLOC 3 – INFRA & PERSISTENCE T34: Network Backoff Logic - Progression exponentielle simulée","status":"passed","title":"T34: Network Backoff Logic - Progression exponentielle simulée","duration":0.29595900000003894,"failureMessages":[],"meta":{},"tags":[]},{"ancestorTitles":["🏗️ OMNI-VANGUARD : BLOC 3 – INFRA & PERSISTENCE"],"fullName":"🏗️ OMNI-VANGUARD : BLOC 3 – INFRA & PERSISTENCE T35: Atomic Replay Protection - Blocage des signatures obsolètes","status":"passed","title":"T35: Atomic Replay Protection - Blocage des signatures obsolètes","duration":0.09604100000001381,"failureMessages":[],"meta":{},"tags":[]},{"ancestorTitles":["🏗️ OMNI-VANGUARD : BLOC 3 – INFRA & PERSISTENCE"],"fullName":"🏗️ OMNI-VANGUARD : BLOC 3 – INFRA & PERSISTENCE T36: Logger Stream Isolation - Étanchéité des buffers de logs","status":"passed","title":"T36: Logger Stream Isolation - Étanchéité des buffers de logs","duration":0.5917089999999234,"failureMessages":[],"meta":{},"tags":[]},{"ancestorTitles":["🏗️ OMNI-VANGUARD : BLOC 3 – INFRA & PERSISTENCE"],"fullName":"🏗️ OMNI-VANGUARD : BLOC 3 – INFRA & PERSISTENCE T37: Memory Leak Gate (Shadow Test) - Absence de références circulaires dans les Atoms","status":"passed","title":"T37: Memory Leak Gate (Shadow Test) - Absence de références circulaires dans les Atoms","duration":0.3327080000000251,"failureMessages":[],"meta":{},"tags":[]},{"ancestorTitles":["🏗️ OMNI-VANGUARD : BLOC 3 – INFRA & PERSISTENCE"],"fullName":"🏗️ OMNI-VANGUARD : BLOC 3 – INFRA & PERSISTENCE T38: IndexedDB Pressure Test - Temps de réponse < 100ms","status":"passed","title":"T38: IndexedDB Pressure Test - Temps de réponse < 100ms","duration":0.08100000000001728,"failureMessages":[],"meta":{},"tags":[]},{"ancestorTitles":["🏗️ OMNI-VANGUARD : BLOC 3 – INFRA & PERSISTENCE"],"fullName":"🏗️ OMNI-VANGUARD : BLOC 3 – INFRA & PERSISTENCE T39: Security Payload Signature - Intégrité des en-têtes Hegemony","status":"passed","title":"T39: Security Payload Signature - Intégrité des en-têtes Hegemony","duration":0.07520799999997507,"failureMessages":[],"meta":{},"tags":[]},{"ancestorTitles":["🏗️ OMNI-VANGUARD : BLOC 3 – INFRA & PERSISTENCE"],"fullName":"🏗️ OMNI-VANGUARD : BLOC 3 – INFRA & PERSISTENCE T40: System Heartbeat - Fréquence constante de télémétrie","status":"passed","title":"T40: System Heartbeat - Fréquence constante de télémétrie","duration":0.08845800000005966,"failureMessages":[],"meta":{},"tags":[]}],"startTime":1777478582080,"endTime":1777478582083.3328,"status":"passed","message":"","name":"/Users/mohammed-aliboudjaadar/RESTAURANT-OS-CORE/src/tests/vanguard/infra.test.ts"},{"assertionResults":[],"startTime":1777478578540,"endTime":1777478578540,"status":"failed","message":"Failed to resolve import \"@/shared/services/CycleGuard\" from \"src/modules/inventory/inventory.sync.ts\". Does the file exist?","name":"/Users/mohammed-aliboudjaadar/RESTAURANT-OS-CORE/src/tests/vanguard/nexus.test.ts"}]}