{"numTotalTestSuites":42,"numPassedTestSuites":34,"numFailedTestSuites":8,"numPendingTestSuites":0,"numTotalTests":60,"numPassedTests":56,"numFailedTests":4,"numPendingTests":0,"numTodoTests":0,"snapshot":{"added":0,"failure":false,"filesAdded":0,"filesRemoved":0,"filesRemovedList":[],"filesUnmatched":0,"filesUpdated":0,"matched":0,"total":0,"unchecked":0,"uncheckedKeysByFile":[],"unmatched":0,"updated":0,"didUpdate":false},"startTime":1775985750389,"success":false,"testResults":[{"assertionResults":[{"ancestorTitles":["i18n — Domain Translation Assembly"],"fullName":"i18n — Domain Translation Assembly exports all 5 languages","status":"passed","title":"exports all 5 languages","duration":1.477624999999989,"failureMessages":[],"meta":{},"tags":[]},{"ancestorTitles":["i18n — Domain Translation Assembly"],"fullName":"i18n — Domain Translation Assembly each domain file exports all language keys","status":"passed","title":"each domain file exports all language keys","duration":0.3424999999999727,"failureMessages":[],"meta":{},"tags":[]},{"ancestorTitles":["i18n — Domain Translation Assembly"],"fullName":"i18n — Domain Translation Assembly fr has all top-level domains after merge","status":"passed","title":"fr has all top-level domains after merge","duration":1.0103750000000673,"failureMessages":[],"meta":{},"tags":[]},{"ancestorTitles":["i18n — Domain Translation Assembly"],"fullName":"i18n — Domain Translation Assembly en has all top-level domains after merge","status":"passed","title":"en has all top-level domains after merge","duration":0.12895800000001145,"failureMessages":[],"meta":{},"tags":[]},{"ancestorTitles":["i18n — Domain Translation Assembly"],"fullName":"i18n — Domain Translation Assembly deep merge preserves nested values (fr.pos.cart.total)","status":"passed","title":"deep merge preserves nested values (fr.pos.cart.total)","duration":0.06291600000008657,"failureMessages":[],"meta":{},"tags":[]},{"ancestorTitles":["i18n — Domain Translation Assembly"],"fullName":"i18n — Domain Translation Assembly deep merge preserves nested values (en.dashboard.kpi.daily_revenue)","status":"passed","title":"deep merge preserves nested values (en.dashboard.kpi.daily_revenue)","duration":0.05295899999987341,"failureMessages":[],"meta":{},"tags":[]},{"ancestorTitles":["i18n — Domain Translation Assembly"],"fullName":"i18n — Domain Translation Assembly ja has nav translations (partial language)","status":"passed","title":"ja has nav translations (partial language)","duration":0.049749999999903594,"failureMessages":[],"meta":{},"tags":[]},{"ancestorTitles":["i18n — Domain Translation Assembly"],"fullName":"i18n — Domain Translation Assembly es has recruitment translations","status":"passed","title":"es has recruitment translations","duration":0.05387499999983447,"failureMessages":[],"meta":{},"tags":[]},{"ancestorTitles":["i18n — Domain Translation Assembly"],"fullName":"i18n — Domain Translation Assembly fr and en have matching top-level key count for shared domains","status":"passed","title":"fr and en have matching top-level key count for shared domains","duration":0.0674579999999878,"failureMessages":[],"meta":{},"tags":[]}],"startTime":1775985751455,"endTime":1775985751458.129,"status":"passed","message":"","name":"/Users/mohammed-aliboudjaadar/.gemini/antigravity/RESTAURANT-OS-CORE/src/i18n/translations.test.ts"},{"assertionResults":[{"ancestorTitles":["POSService","calculateCartTotal"],"fullName":"POSService calculateCartTotal calculates total correctly","status":"failed","title":"calculates total correctly","duration":3.4723330000001624,"failureMessages":["AssertionError: expected NaN to be 50 // Object.is equality\n    at /Users/mohammed-aliboudjaadar/.gemini/antigravity/RESTAURANT-OS-CORE/src/lib/pos-service.test.ts:28:27\n    at file:///Users/mohammed-aliboudjaadar/.gemini/antigravity/RESTAURANT-OS-CORE/node_modules/@vitest/runner/dist/chunk-artifact.js:302:11\n    at file:///Users/mohammed-aliboudjaadar/.gemini/antigravity/RESTAURANT-OS-CORE/node_modules/@vitest/runner/dist/chunk-artifact.js:1893:26\n    at file:///Users/mohammed-aliboudjaadar/.gemini/antigravity/RESTAURANT-OS-CORE/node_modules/@vitest/runner/dist/chunk-artifact.js:2316:20\n    at new Promise (<anonymous>)\n    at runWithCancel (file:///Users/mohammed-aliboudjaadar/.gemini/antigravity/RESTAURANT-OS-CORE/node_modules/@vitest/runner/dist/chunk-artifact.js:2313:10)\n    at file:///Users/mohammed-aliboudjaadar/.gemini/antigravity/RESTAURANT-OS-CORE/node_modules/@vitest/runner/dist/chunk-artifact.js:2295:20\n    at new Promise (<anonymous>)\n    at runWithTimeout (file:///Users/mohammed-aliboudjaadar/.gemini/antigravity/RESTAURANT-OS-CORE/node_modules/@vitest/runner/dist/chunk-artifact.js:2262:10)\n    at file:///Users/mohammed-aliboudjaadar/.gemini/antigravity/RESTAURANT-OS-CORE/node_modules/@vitest/runner/dist/chunk-artifact.js:2945:64"],"meta":{},"tags":[]},{"ancestorTitles":["POSService","getProjectedMargin"],"fullName":"POSService getProjectedMargin returns margin around 72%","status":"passed","title":"returns margin around 72%","duration":0.2010419999999158,"failureMessages":[],"meta":{},"tags":[]},{"ancestorTitles":["POSService","formatForKitchen"],"fullName":"POSService formatForKitchen formats simple order correctly","status":"passed","title":"formats simple order correctly","duration":0.12116699999978664,"failureMessages":[],"meta":{},"tags":[]}],"startTime":1775985751523,"endTime":1775985751527.201,"status":"failed","message":"","name":"/Users/mohammed-aliboudjaadar/.gemini/antigravity/RESTAURANT-OS-CORE/src/lib/pos-service.test.ts"},{"assertionResults":[{"ancestorTitles":["QuotesService","calculateStats"],"fullName":"QuotesService calculateStats calculates conversion rate correctly","status":"passed","title":"calculates conversion rate correctly","duration":0.994083000000046,"failureMessages":[],"meta":{},"tags":[]},{"ancestorTitles":["QuotesService","calculateStats"],"fullName":"QuotesService calculateStats calculates total capital correctly","status":"passed","title":"calculates total capital correctly","duration":0.14079199999991943,"failureMessages":[],"meta":{},"tags":[]},{"ancestorTitles":["QuotesService","predictSignatureChance"],"fullName":"QuotesService predictSignatureChance returns high score for company with discount","status":"passed","title":"returns high score for company with discount","duration":0.13504199999999855,"failureMessages":[],"meta":{},"tags":[]},{"ancestorTitles":["QuotesService","predictSignatureChance"],"fullName":"QuotesService predictSignatureChance returns lower score for large amount","status":"passed","title":"returns lower score for large amount","duration":0.09541699999999764,"failureMessages":[],"meta":{},"tags":[]}],"startTime":1775985751415,"endTime":1775985751416.1409,"status":"passed","message":"","name":"/Users/mohammed-aliboudjaadar/.gemini/antigravity/RESTAURANT-OS-CORE/src/lib/quotes-service.test.ts"},{"assertionResults":[{"ancestorTitles":["formatters.ts — Formatting Functions","formatCurrency"],"fullName":"formatters.ts — Formatting Functions formatCurrency formats basic amount","status":"failed","title":"formats basic amount","duration":15.14408400000002,"failureMessages":["AssertionError: expected '12,35 €' to contain '234'\n    at /Users/mohammed-aliboudjaadar/.gemini/antigravity/RESTAURANT-OS-CORE/src/lib/utils.test.ts:11:28\n    at file:///Users/mohammed-aliboudjaadar/.gemini/antigravity/RESTAURANT-OS-CORE/node_modules/@vitest/runner/dist/chunk-artifact.js:302:11\n    at file:///Users/mohammed-aliboudjaadar/.gemini/antigravity/RESTAURANT-OS-CORE/node_modules/@vitest/runner/dist/chunk-artifact.js:1893:26\n    at file:///Users/mohammed-aliboudjaadar/.gemini/antigravity/RESTAURANT-OS-CORE/node_modules/@vitest/runner/dist/chunk-artifact.js:2316:20\n    at new Promise (<anonymous>)\n    at runWithCancel (file:///Users/mohammed-aliboudjaadar/.gemini/antigravity/RESTAURANT-OS-CORE/node_modules/@vitest/runner/dist/chunk-artifact.js:2313:10)\n    at file:///Users/mohammed-aliboudjaadar/.gemini/antigravity/RESTAURANT-OS-CORE/node_modules/@vitest/runner/dist/chunk-artifact.js:2295:20\n    at new Promise (<anonymous>)\n    at runWithTimeout (file:///Users/mohammed-aliboudjaadar/.gemini/antigravity/RESTAURANT-OS-CORE/node_modules/@vitest/runner/dist/chunk-artifact.js:2262:10)\n    at file:///Users/mohammed-aliboudjaadar/.gemini/antigravity/RESTAURANT-OS-CORE/node_modules/@vitest/runner/dist/chunk-artifact.js:2945:64"],"meta":{},"tags":[]},{"ancestorTitles":["formatters.ts — Formatting Functions","formatCurrency"],"fullName":"formatters.ts — Formatting Functions formatCurrency handles zero","status":"passed","title":"handles zero","duration":0.2159580000002279,"failureMessages":[],"meta":{},"tags":[]},{"ancestorTitles":["formatters.ts — Formatting Functions","formatCurrency"],"fullName":"formatters.ts — Formatting Functions formatCurrency handles negative amounts","status":"failed","title":"handles negative amounts","duration":0.3995829999998932,"failureMessages":["AssertionError: expected '-5,00 €' to contain '500'\n    at /Users/mohammed-aliboudjaadar/.gemini/antigravity/RESTAURANT-OS-CORE/src/lib/utils.test.ts:23:28\n    at file:///Users/mohammed-aliboudjaadar/.gemini/antigravity/RESTAURANT-OS-CORE/node_modules/@vitest/runner/dist/chunk-artifact.js:302:11\n    at file:///Users/mohammed-aliboudjaadar/.gemini/antigravity/RESTAURANT-OS-CORE/node_modules/@vitest/runner/dist/chunk-artifact.js:1893:26\n    at file:///Users/mohammed-aliboudjaadar/.gemini/antigravity/RESTAURANT-OS-CORE/node_modules/@vitest/runner/dist/chunk-artifact.js:2316:20\n    at new Promise (<anonymous>)\n    at runWithCancel (file:///Users/mohammed-aliboudjaadar/.gemini/antigravity/RESTAURANT-OS-CORE/node_modules/@vitest/runner/dist/chunk-artifact.js:2313:10)\n    at file:///Users/mohammed-aliboudjaadar/.gemini/antigravity/RESTAURANT-OS-CORE/node_modules/@vitest/runner/dist/chunk-artifact.js:2295:20\n    at new Promise (<anonymous>)\n    at runWithTimeout (file:///Users/mohammed-aliboudjaadar/.gemini/antigravity/RESTAURANT-OS-CORE/node_modules/@vitest/runner/dist/chunk-artifact.js:2262:10)\n    at file:///Users/mohammed-aliboudjaadar/.gemini/antigravity/RESTAURANT-OS-CORE/node_modules/@vitest/runner/dist/chunk-artifact.js:2945:64"],"meta":{},"tags":[]},{"ancestorTitles":["formatters.ts — Formatting Functions","formatCurrency"],"fullName":"formatters.ts — Formatting Functions formatCurrency compact mode for large amounts","status":"passed","title":"compact mode for large amounts","duration":0.13220799999999144,"failureMessages":[],"meta":{},"tags":[]},{"ancestorTitles":["formatters.ts — Formatting Functions","formatPercent"],"fullName":"formatters.ts — Formatting Functions formatPercent formats decimal as percentage","status":"passed","title":"formats decimal as percentage","duration":0.11554100000012113,"failureMessages":[],"meta":{},"tags":[]},{"ancestorTitles":["formatters.ts — Formatting Functions","formatPercent"],"fullName":"formatters.ts — Formatting Functions formatPercent shows sign when requested","status":"passed","title":"shows sign when requested","duration":0.08283299999993687,"failureMessages":[],"meta":{},"tags":[]},{"ancestorTitles":["formatters.ts — Formatting Functions","formatNumber"],"fullName":"formatters.ts — Formatting Functions formatNumber formats with separators","status":"passed","title":"formats with separators","duration":0.11258399999996982,"failureMessages":[],"meta":{},"tags":[]},{"ancestorTitles":["formatters.ts — Formatting Functions","formatPhone"],"fullName":"formatters.ts — Formatting Functions formatPhone formats French phone number","status":"passed","title":"formats French phone number","duration":0.14570800000001327,"failureMessages":[],"meta":{},"tags":[]},{"ancestorTitles":["formatters.ts — Formatting Functions","formatPhone"],"fullName":"formatters.ts — Formatting Functions formatPhone returns original for non-10-digit","status":"passed","title":"returns original for non-10-digit","duration":0.06570800000008603,"failureMessages":[],"meta":{},"tags":[]},{"ancestorTitles":["formatters.ts — Formatting Functions","truncate"],"fullName":"formatters.ts — Formatting Functions truncate truncates long text","status":"passed","title":"truncates long text","duration":0.08720900000025722,"failureMessages":[],"meta":{},"tags":[]},{"ancestorTitles":["formatters.ts — Formatting Functions","truncate"],"fullName":"formatters.ts — Formatting Functions truncate returns short text unchanged","status":"passed","title":"returns short text unchanged","duration":0.05083299999978408,"failureMessages":[],"meta":{},"tags":[]},{"ancestorTitles":["formatters.ts — Formatting Functions","capitalize"],"fullName":"formatters.ts — Formatting Functions capitalize capitalizes first letter","status":"passed","title":"capitalizes first letter","duration":0.06024999999999636,"failureMessages":[],"meta":{},"tags":[]},{"ancestorTitles":["formatters.ts — Formatting Functions","capitalize"],"fullName":"formatters.ts — Formatting Functions capitalize handles empty string","status":"passed","title":"handles empty string","duration":0.037959000000228116,"failureMessages":[],"meta":{},"tags":[]},{"ancestorTitles":["formatters.ts — Formatting Functions","getInitials"],"fullName":"formatters.ts — Formatting Functions getInitials returns initials from name","status":"passed","title":"returns initials from name","duration":0.05358300000034433,"failureMessages":[],"meta":{},"tags":[]},{"ancestorTitles":["formatters.ts — Formatting Functions","getInitials"],"fullName":"formatters.ts — Formatting Functions getInitials handles single name","status":"passed","title":"handles single name","duration":0.03412500000013097,"failureMessages":[],"meta":{},"tags":[]},{"ancestorTitles":["formatters.ts — Formatting Functions","getInitials"],"fullName":"formatters.ts — Formatting Functions getInitials handles empty","status":"passed","title":"handles empty","duration":0.040833999999904336,"failureMessages":[],"meta":{},"tags":[]},{"ancestorTitles":["formatters.ts — Formatting Functions","formatDuration"],"fullName":"formatters.ts — Formatting Functions formatDuration formats minutes only","status":"passed","title":"formats minutes only","duration":0.057959000000209926,"failureMessages":[],"meta":{},"tags":[]},{"ancestorTitles":["formatters.ts — Formatting Functions","formatDuration"],"fullName":"formatters.ts — Formatting Functions formatDuration formats hours and minutes","status":"passed","title":"formats hours and minutes","duration":0.035582999999860476,"failureMessages":[],"meta":{},"tags":[]},{"ancestorTitles":["formatters.ts — Formatting Functions","formatDuration"],"fullName":"formatters.ts — Formatting Functions formatDuration formats exact hours","status":"passed","title":"formats exact hours","duration":0.0343750000001819,"failureMessages":[],"meta":{},"tags":[]},{"ancestorTitles":["dates.ts — Date Functions","formatDate"],"fullName":"dates.ts — Date Functions formatDate formats a date object","status":"passed","title":"formats a date object","duration":0.4814579999997477,"failureMessages":[],"meta":{},"tags":[]},{"ancestorTitles":["dates.ts — Date Functions","formatDate"],"fullName":"dates.ts — Date Functions formatDate formats a date string","status":"passed","title":"formats a date string","duration":0.26050000000032014,"failureMessages":[],"meta":{},"tags":[]},{"ancestorTitles":["dates.ts — Date Functions","formatTime"],"fullName":"dates.ts — Date Functions formatTime formats time from date","status":"passed","title":"formats time from date","duration":0.09029200000031778,"failureMessages":[],"meta":{},"tags":[]},{"ancestorTitles":["helpers.ts — Utility Functions","generateId"],"fullName":"helpers.ts — Utility Functions generateId generates unique IDs","status":"passed","title":"generates unique IDs","duration":0.34229099999993196,"failureMessages":[],"meta":{},"tags":[]},{"ancestorTitles":["helpers.ts — Utility Functions","groupBy"],"fullName":"helpers.ts — Utility Functions groupBy groups items by key","status":"passed","title":"groups items by key","duration":0.06895799999983865,"failureMessages":[],"meta":{},"tags":[]},{"ancestorTitles":["helpers.ts — Utility Functions","unique"],"fullName":"helpers.ts — Utility Functions unique removes duplicates from primitives","status":"passed","title":"removes duplicates from primitives","duration":0.11970800000017334,"failureMessages":[],"meta":{},"tags":[]},{"ancestorTitles":["helpers.ts — Utility Functions","unique"],"fullName":"helpers.ts — Utility Functions unique removes duplicates by key","status":"passed","title":"removes duplicates by key","duration":0.04133300000012241,"failureMessages":[],"meta":{},"tags":[]},{"ancestorTitles":["helpers.ts — Utility Functions","deepClone"],"fullName":"helpers.ts — Utility Functions deepClone creates independent copy","status":"passed","title":"creates independent copy","duration":0.05041699999992488,"failureMessages":[],"meta":{},"tags":[]},{"ancestorTitles":["helpers.ts — Utility Functions","isEmpty"],"fullName":"helpers.ts — Utility Functions isEmpty detects empty object","status":"passed","title":"detects empty object","duration":0.04500000000007276,"failureMessages":[],"meta":{},"tags":[]},{"ancestorTitles":["helpers.ts — Utility Functions","clamp"],"fullName":"helpers.ts — Utility Functions clamp clamps values","status":"passed","title":"clamps values","duration":0.05150000000003274,"failureMessages":[],"meta":{},"tags":[]},{"ancestorTitles":["helpers.ts — Utility Functions","omit/pick"],"fullName":"helpers.ts — Utility Functions omit/pick omit removes keys","status":"passed","title":"omit removes keys","duration":0.07054100000004837,"failureMessages":[],"meta":{},"tags":[]},{"ancestorTitles":["helpers.ts — Utility Functions","omit/pick"],"fullName":"helpers.ts — Utility Functions omit/pick pick selects keys","status":"passed","title":"pick selects keys","duration":0.060165999999753694,"failureMessages":[],"meta":{},"tags":[]},{"ancestorTitles":["helpers.ts — Utility Functions","randomInt"],"fullName":"helpers.ts — Utility Functions randomInt returns value in range","status":"passed","title":"returns value in range","duration":0.34933300000011513,"failureMessages":[],"meta":{},"tags":[]},{"ancestorTitles":["helpers.ts — Utility Functions","shuffle"],"fullName":"helpers.ts — Utility Functions shuffle returns same length array","status":"passed","title":"returns same length array","duration":0.051375000000007276,"failureMessages":[],"meta":{},"tags":[]},{"ancestorTitles":["helpers.ts — Utility Functions","shuffle"],"fullName":"helpers.ts — Utility Functions shuffle does not mutate original","status":"passed","title":"does not mutate original","duration":0.044958999999835214,"failureMessages":[],"meta":{},"tags":[]}],"startTime":1775985752829,"endTime":1775985752849.0513,"status":"failed","message":"","name":"/Users/mohammed-aliboudjaadar/.gemini/antigravity/RESTAURANT-OS-CORE/src/lib/utils.test.ts"},{"assertionResults":[{"ancestorTitles":["AccountingMatchingService - Rapprochement Bancaire"],"fullName":"AccountingMatchingService - Rapprochement Bancaire doit renvoyer un PERFECT MATCH (score = 100) pour une correspondance exacte","status":"failed","title":"doit renvoyer un PERFECT MATCH (score = 100) pour une correspondance exacte","duration":6.1275419999999485,"failureMessages":["AssertionError: expected 90 to be 100 // Object.is equality\n    at /Users/mohammed-aliboudjaadar/.gemini/antigravity/RESTAURANT-OS-CORE/src/domain/accounting/AccountingMatchingService.test.ts:33:30\n    at file:///Users/mohammed-aliboudjaadar/.gemini/antigravity/RESTAURANT-OS-CORE/node_modules/@vitest/runner/dist/chunk-artifact.js:302:11\n    at file:///Users/mohammed-aliboudjaadar/.gemini/antigravity/RESTAURANT-OS-CORE/node_modules/@vitest/runner/dist/chunk-artifact.js:1893:26\n    at file:///Users/mohammed-aliboudjaadar/.gemini/antigravity/RESTAURANT-OS-CORE/node_modules/@vitest/runner/dist/chunk-artifact.js:2316:20\n    at new Promise (<anonymous>)\n    at runWithCancel (file:///Users/mohammed-aliboudjaadar/.gemini/antigravity/RESTAURANT-OS-CORE/node_modules/@vitest/runner/dist/chunk-artifact.js:2313:10)\n    at file:///Users/mohammed-aliboudjaadar/.gemini/antigravity/RESTAURANT-OS-CORE/node_modules/@vitest/runner/dist/chunk-artifact.js:2295:20\n    at new Promise (<anonymous>)\n    at runWithTimeout (file:///Users/mohammed-aliboudjaadar/.gemini/antigravity/RESTAURANT-OS-CORE/node_modules/@vitest/runner/dist/chunk-artifact.js:2262:10)\n    at file:///Users/mohammed-aliboudjaadar/.gemini/antigravity/RESTAURANT-OS-CORE/node_modules/@vitest/runner/dist/chunk-artifact.js:2945:64"],"meta":{},"tags":[]},{"ancestorTitles":["AccountingMatchingService - Rapprochement Bancaire"],"fullName":"AccountingMatchingService - Rapprochement Bancaire doit renvoyer au moins un MEDIUM CONFIDENCE pour un virement bancaire décalé de 3 jours","status":"passed","title":"doit renvoyer au moins un MEDIUM CONFIDENCE pour un virement bancaire décalé de 3 jours","duration":0.8754999999999882,"failureMessages":[],"meta":{},"tags":[]}],"startTime":1775985751426,"endTime":1775985751432.8755,"status":"failed","message":"","name":"/Users/mohammed-aliboudjaadar/.gemini/antigravity/RESTAURANT-OS-CORE/src/domain/accounting/AccountingMatchingService.test.ts"},{"assertionResults":[{"ancestorTitles":["FiscalEngine","canonicalStringify"],"fullName":"FiscalEngine canonicalStringify should produce the same string for objects with different key orders","status":"passed","title":"should produce the same string for objects with different key orders","duration":1.8268339999999625,"failureMessages":[],"meta":{},"tags":[]},{"ancestorTitles":["FiscalEngine","generateHash"],"fullName":"FiscalEngine generateHash should generate a valid SHA-256 hex string","status":"passed","title":"should generate a valid SHA-256 hex string","duration":1.7353749999999764,"failureMessages":[],"meta":{},"tags":[]},{"ancestorTitles":["FiscalEngine","generateHash"],"fullName":"FiscalEngine generateHash should be deterministic","status":"passed","title":"should be deterministic","duration":0.3625000000001819,"failureMessages":[],"meta":{},"tags":[]},{"ancestorTitles":["FiscalEngine","sealEntry"],"fullName":"FiscalEngine sealEntry should create a valid seal for a transaction","status":"passed","title":"should create a valid seal for a transaction","duration":2.4348750000001473,"failureMessages":[],"meta":{},"tags":[]},{"ancestorTitles":["FiscalEngine","sealEntry"],"fullName":"FiscalEngine sealEntry should respect training mode","status":"passed","title":"should respect training mode","duration":0.40029200000003584,"failureMessages":[],"meta":{},"tags":[]},{"ancestorTitles":["FiscalEngine","verifyChain"],"fullName":"FiscalEngine verifyChain should return true for a valid sequence of seals","status":"passed","title":"should return true for a valid sequence of seals","duration":1.0579999999999927,"failureMessages":[],"meta":{},"tags":[]},{"ancestorTitles":["FiscalEngine","verifyChain"],"fullName":"FiscalEngine verifyChain should return false if a seal is tampered with","status":"passed","title":"should return false if a seal is tampered with","duration":0.9502919999999904,"failureMessages":[],"meta":{},"tags":[]},{"ancestorTitles":["FiscalEngine","verifyChain"],"fullName":"FiscalEngine verifyChain should return false if the chain is broken","status":"passed","title":"should return false if the chain is broken","duration":1.0168750000000273,"failureMessages":[],"meta":{},"tags":[]}],"startTime":1775985751451,"endTime":1775985751462.0168,"status":"passed","message":"","name":"/Users/mohammed-aliboudjaadar/.gemini/antigravity/RESTAURANT-OS-CORE/src/domain/services/FiscalEngine.test.ts"}]}